2018-11-07T19:37:24.055Z - normal: Load ~/.CocosCreator/settings.json
2018-11-07T19:37:24.058Z - normal: checking language setting...
2018-11-07T19:37:24.058Z - normal: Language: en
2018-11-07T19:37:25.492Z - success: protocol editor-framework registered
2018-11-07T19:37:25.492Z - success: protocol app registered
2018-11-07T19:37:25.493Z - success: protocol theme registered
2018-11-07T19:37:25.493Z - success: protocol packages registered
2018-11-07T19:37:25.493Z - success: protocol unpack registerred
2018-11-07T19:37:25.493Z - success: protocol disable-commonjs registerred
2018-11-07T19:37:26.990Z - normal: connected!
2018-11-07T19:37:26.992Z - normal: Check project C:\Users\PC\Documents\StraightToAle\STABeerDefense
2018-11-07T19:37:26.997Z - normal: Initializing project C:\Users\PC\Documents\StraightToAle\STABeerDefense
2018-11-07T19:37:27.000Z - normal: Initializing Cocos2d
2018-11-07T19:37:27.531Z - normal: Initializing Asset Database
2018-11-07T19:37:27.559Z - success: protocol uuid registerred
2018-11-07T19:37:27.560Z - success: protocol db registerred
2018-11-07T19:37:27.560Z - success: protocol thumbnail registerred
2018-11-07T19:37:27.560Z - normal: Loading editor/builtin packages
2018-11-07T19:37:27.677Z - success: assets loaded
2018-11-07T19:37:27.678Z - success: builder loaded
2018-11-07T19:37:27.679Z - success: cocos-analytics loaded
2018-11-07T19:37:27.681Z - success: console loaded
2018-11-07T19:37:27.707Z - success: fb-instant-games loaded
2018-11-07T19:37:27.708Z - success: google-instant-games loaded
2018-11-07T19:37:27.711Z - success: hierarchy loaded
2018-11-07T19:37:27.713Z - success: inspector loaded
2018-11-07T19:37:27.714Z - success: keystore loaded
2018-11-07T19:37:27.716Z - success: node-library loaded
2018-11-07T19:37:27.717Z - success: package-asset loaded
2018-11-07T19:37:27.718Z - success: preferences loaded
2018-11-07T19:37:27.719Z - success: project-exporter loaded
2018-11-07T19:37:27.729Z - success: project-importer loaded
2018-11-07T19:37:27.730Z - success: project-settings loaded
2018-11-07T19:37:27.732Z - success: ui-kit loaded
2018-11-07T19:37:27.734Z - success: scene loaded
2018-11-07T19:37:27.735Z - success: sprite-editor loaded
2018-11-07T19:37:27.737Z - success: store loaded
2018-11-07T19:37:27.739Z - success: timeline loaded
2018-11-07T19:37:27.739Z - normal: Loading builtin packages
2018-11-07T19:37:27.742Z - success: asset-db-debugger loaded
2018-11-07T19:37:27.743Z - success: code-editor loaded
2018-11-07T19:37:27.743Z - success: color-picker loaded
2018-11-07T19:37:27.803Z - success: google-play-instant loaded
2018-11-07T19:37:27.804Z - success: jsb-adapter loaded
2018-11-07T19:37:27.806Z - success: package-manager loaded
2018-11-07T19:37:27.868Z - success: qqplay-adapter loaded
2018-11-07T19:37:27.871Z - success: sdkbox loaded
2018-11-07T19:37:27.876Z - success: tester loaded
2018-11-07T19:37:27.877Z - success: ui-grid loaded
2018-11-07T19:37:27.878Z - success: ui-kit-preview-extra loaded
2018-11-07T19:37:27.879Z - success: ui-kit-preview loaded
2018-11-07T19:37:27.880Z - success: ui-tree loaded
2018-11-07T19:37:27.881Z - success: weapp-adapter loaded
2018-11-07T19:37:28.627Z - normal: Loading packages
2018-11-07T19:37:28.664Z - normal: Watching packages
2018-11-07T19:37:29.060Z - normal: Run Application
2018-11-07T19:37:29.421Z - success: preview server running at http://localhost:7456
